<?xml version="1.0" encoding="UTF-8"?>
<testng-results skipped="0" failed="0" ignored="0" total="1" passed="1">
  <reporter-output>
  </reporter-output>
  <suite name="WEB Application name" duration-ms="1556" started-at="2018-06-28T19:32:16Z" finished-at="2018-06-28T19:32:18Z">
    <groups>
    </groups>
    <test name="Web Applcation test name " duration-ms="1556" started-at="2018-06-28T19:32:16Z" finished-at="2018-06-28T19:32:18Z">
      <class name="commonExecutor.Executor">
        <test-method status="PASS" signature="initilizeDriver(java.lang.String)[pri:0, instance:commonExecutor.Executor@e25b2fe]" name="initilizeDriver" is-config="true" duration-ms="1036" started-at="2018-06-29T01:02:16Z" finished-at="2018-06-29T01:02:17Z">
          <params>
            <param index="0">
              <value>
                <![CDATA[C:\Users\Mrityunjoy\Desktop\AutomationCotroller.xlsx]]>
              </value>
            </param>
          </params>
          <reporter-output>
          </reporter-output>
        </test-method> <!-- initilizeDriver -->
        <test-method status="PASS" signature="scriptExecutor()[pri:0, instance:commonExecutor.Executor@e25b2fe]" name="scriptExecutor" duration-ms="6" started-at="2018-06-29T01:02:17Z" finished-at="2018-06-29T01:02:17Z">
          <reporter-output>
          </reporter-output>
        </test-method> <!-- scriptExecutor -->
        <test-method status="PASS" signature="ScriptOutput()[pri:0, instance:commonExecutor.Executor@e25b2fe]" name="ScriptOutput" is-config="true" duration-ms="485" started-at="2018-06-29T01:02:17Z" finished-at="2018-06-29T01:02:18Z">
          <reporter-output>
          </reporter-output>
        </test-method> <!-- ScriptOutput -->
      </class> <!-- commonExecutor.Executor -->
    </test> <!-- Web Applcation test name  -->
  </suite> <!-- WEB Application name -->
</testng-results>
