<?xml version="1.0" encoding="UTF-8"?>
<testng-results skipped="0" failed="1" ignored="0" total="1" passed="0">
  <reporter-output>
  </reporter-output>
  <suite name="WEB Application name" duration-ms="918" started-at="2018-06-10T08:19:41Z" finished-at="2018-06-10T08:19:42Z">
    <groups>
    </groups>
    <test name="Web Applcation test name " duration-ms="918" started-at="2018-06-10T08:19:41Z" finished-at="2018-06-10T08:19:42Z">
      <class name="commonExecutor.Executor">
        <test-method status="FAIL" signature="initilizeDriver(java.lang.String)[pri:0, instance:commonExecutor.Executor@77cd7a0]" name="initilizeDriver" is-config="true" duration-ms="871" started-at="2018-06-10T13:49:41Z" finished-at="2018-06-10T13:49:42Z">
          <params>
            <param index="0">
              <value>
                <![CDATA[C:\Users\Mrityunjoy\Desktop\AutomationCotroller.xlsx]]>
              </value>
            </param>
          </params>
          <exception class="java.lang.NullPointerException">
            <full-stacktrace>
              <![CDATA[java.lang.NullPointerExceptionat com.common.StartDriver.initilizeDriver(StartDriver.java:26)at sun.reflect.NativeMethodAccessorImpl.invoke0(Native Method)at sun.reflect.NativeMethodAccessorImpl.invoke(Unknown Source)at sun.reflect.DelegatingMethodAccessorImpl.invoke(Unknown Source)at java.lang.reflect.Method.invoke(Unknown Source)at org.testng.internal.MethodInvocationHelper.invokeMethod(MethodInvocationHelper.java:124)at org.testng.internal.MethodInvocationHelper.invokeMethodConsideringTimeout(MethodInvocationHelper.java:59)at org.testng.internal.Invoker.invokeConfigurationMethod(Invoker.java:451)at org.testng.internal.Invoker.invokeConfigurations(Invoker.java:222)at org.testng.internal.Invoker.invokeConfigurations(Invoker.java:142)at org.testng.internal.TestMethodWorker.invokeBeforeClassMethods(TestMethodWorker.java:163)at org.testng.internal.TestMethodWorker.run(TestMethodWorker.java:105)at org.testng.TestRunner.privateRun(TestRunner.java:648)at org.testng.TestRunner.run(TestRunner.java:505)at org.testng.SuiteRunner.runTest(SuiteRunner.java:455)at org.testng.SuiteRunner.runSequentially(SuiteRunner.java:450)at org.testng.SuiteRunner.privateRun(SuiteRunner.java:415)at org.testng.SuiteRunner.run(SuiteRunner.java:364)at org.testng.SuiteRunnerWorker.runSuite(SuiteRunnerWorker.java:52)at org.testng.SuiteRunnerWorker.run(SuiteRunnerWorker.java:84)at org.testng.TestNG.runSuitesSequentially(TestNG.java:1187)at org.testng.TestNG.runSuitesLocally(TestNG.java:1116)at org.testng.TestNG.runSuites(TestNG.java:1028)at org.testng.TestNG.run(TestNG.java:996)at org.testng.remote.AbstractRemoteTestNG.run(AbstractRemoteTestNG.java:114)at org.testng.remote.RemoteTestNG.initAndRun(RemoteTestNG.java:251)at org.testng.remote.RemoteTestNG.main(RemoteTestNG.java:77)]]>
            </full-stacktrace>
          </exception> <!-- java.lang.NullPointerException -->
          <reporter-output>
          </reporter-output>
        </test-method> <!-- initilizeDriver -->
        <test-method status="FAIL" signature="scriptExecutor(java.lang.String)[pri:0, instance:commonExecutor.Executor@77cd7a0]" name="scriptExecutor" duration-ms="0" started-at="2018-06-10T13:49:42Z" finished-at="2018-06-10T13:49:42Z">
          <exception class="org.testng.TestNGException">
            <message>
              <![CDATA[Cannot inject @Test annotated Method [scriptExecutor] with [class java.lang.String].For more information on native dependency injection please refer to http://testng.org/doc/documentation-main.html#native-dependency-injection]]>
            </message>
            <full-stacktrace>
              <![CDATA[org.testng.TestNGException: Cannot inject @Test annotated Method [scriptExecutor] with [class java.lang.String].For more information on native dependency injection please refer to http://testng.org/doc/documentation-main.html#native-dependency-injectionat org.testng.internal.Parameters.checkParameterTypes(Parameters.java:407)at org.testng.internal.Parameters.createParametersForMethod(Parameters.java:356)at org.testng.internal.Parameters.createParameters(Parameters.java:635)at org.testng.internal.Parameters.handleParameters(Parameters.java:769)at org.testng.internal.ParameterHandler.handleParameters(ParameterHandler.java:49)at org.testng.internal.ParameterHandler.createParameters(ParameterHandler.java:37)at org.testng.internal.Invoker.invokeTestMethods(Invoker.java:914)at org.testng.internal.TestMethodWorker.invokeTestMethods(TestMethodWorker.java:125)at org.testng.internal.TestMethodWorker.run(TestMethodWorker.java:109)at org.testng.TestRunner.privateRun(TestRunner.java:648)at org.testng.TestRunner.run(TestRunner.java:505)at org.testng.SuiteRunner.runTest(SuiteRunner.java:455)at org.testng.SuiteRunner.runSequentially(SuiteRunner.java:450)at org.testng.SuiteRunner.privateRun(SuiteRunner.java:415)at org.testng.SuiteRunner.run(SuiteRunner.java:364)at org.testng.SuiteRunnerWorker.runSuite(SuiteRunnerWorker.java:52)at org.testng.SuiteRunnerWorker.run(SuiteRunnerWorker.java:84)at org.testng.TestNG.runSuitesSequentially(TestNG.java:1187)at org.testng.TestNG.runSuitesLocally(TestNG.java:1116)at org.testng.TestNG.runSuites(TestNG.java:1028)at org.testng.TestNG.run(TestNG.java:996)at org.testng.remote.AbstractRemoteTestNG.run(AbstractRemoteTestNG.java:114)at org.testng.remote.RemoteTestNG.initAndRun(RemoteTestNG.java:251)at org.testng.remote.RemoteTestNG.main(RemoteTestNG.java:77)]]>
            </full-stacktrace>
          </exception> <!-- org.testng.TestNGException -->
          <reporter-output>
          </reporter-output>
        </test-method> <!-- scriptExecutor -->
        <test-method status="SKIP" signature="ScriptOutput()[pri:0, instance:commonExecutor.Executor@77cd7a0]" name="ScriptOutput" is-config="true" duration-ms="0" started-at="2018-06-10T13:49:42Z" finished-at="2018-06-10T13:49:42Z">
          <reporter-output>
          </reporter-output>
        </test-method> <!-- ScriptOutput -->
      </class> <!-- commonExecutor.Executor -->
    </test> <!-- Web Applcation test name  -->
  </suite> <!-- WEB Application name -->
</testng-results>
