<?xml version="1.0" encoding="UTF-8"?>
<!-- Generated by org.testng.reporters.JUnitXMLReporter -->
<testsuite hostname="DESKTOP-7IQQM56" ignored="0" name="Web Applcation test name " tests="1" failures="1" timestamp="10 Jun 2018 08:19:42 GMT" time="0.918" errors="0">
  <testcase name="@BeforeClass initilizeDriver" time="0.871" classname="com.common.StartDriver">
    <failure type="java.lang.NullPointerException">
      <![CDATA[java.lang.NullPointerExceptionat com.common.StartDriver.initilizeDriver(StartDriver.java:26)... Removed 26 stack frames]]>
    </failure>
  </testcase> <!-- @BeforeClass initilizeDriver -->
  <testcase name="@AfterClass ScriptOutput" time="0.0" classname="com.common.StartDriver">
    <skipped/>
  </testcase> <!-- @AfterClass ScriptOutput -->
  <testcase name="scriptExecutor" time="0.0" classname="commonExecutor.Executor">
    <failure type="org.testng.TestNGException" message="
Cannot inject @Test annotated Method [scriptExecutor] with [class java.lang.String].
For more information on native dependency injection please refer to http://testng.org/doc/documentation-main.html#native-dependency-injection">
      <![CDATA[org.testng.TestNGException: Cannot inject @Test annotated Method [scriptExecutor] with [class java.lang.String].For more information on native dependency injection please refer to http://testng.org/doc/documentation-main.html#native-dependency-injection... Removed 24 stack frames]]>
    </failure>
  </testcase> <!-- scriptExecutor -->
</testsuite> <!-- Web Applcation test name  -->
